生成启动时间为 2014/1/4 23:31:34。
     1>项目“C:\Users\liqy\Desktop\VS project\ray_tracing\raytrace\raytrace\raytrace.vcxproj”在节点 2 上(build 个目标)。
     1>InitializeBuildStatus:
         正在创建“Debug\raytrace.unsuccessfulbuild”，因为已指定“AlwaysCreate”。
       ClCompile:
         c:\Program Files (x86)\Microsoft Visual Studio 10.0\VC\bin\CL.exe /c /ZI /nologo /W3 /WX- /Od /Oy- /D WIN32 /D _DEBUG /D _CONSOLE /D _UNICODE /D UNICODE /Gm /EHsc /RTC1 /MDd /GS /fp:precise /Zc:wchar_t /Zc:forScope /Fo"Debug\\" /Fd"Debug\vc100.pdb" /Gd /TP /analyze- /errorReport:prompt scene.cpp
         scene.cpp
       ManifestResourceCompile:
         所有输出均为最新。
       Link:
         c:\Program Files (x86)\Microsoft Visual Studio 10.0\VC\bin\link.exe /ERRORREPORT:PROMPT /OUT:"C:\Users\liqy\Desktop\VS project\ray_tracing\raytrace\Debug\raytrace.exe" /INCREMENTAL /NOLOGO opencv_calib3d240d.lib opencv_contrib240d.lib opencv_core240d.lib opencv_features2d240d.lib opencv_flann240d.lib opencv_gpu240d.lib opencv_highgui240d.lib opencv_imgproc240d.lib opencv_legacy240d.lib opencv_ml240d.lib opencv_objdetect240d.lib opencv_ts240d.lib opencv_video240d.lib kernel32.lib user32.lib gdi32.lib winspool.lib comdlg32.lib advapi32.lib shell32.lib ole32.lib oleaut32.lib uuid.lib odbc32.lib odbccp32.lib /MANIFEST /ManifestFile:"Debug\raytrace.exe.intermediate.manifest" /MANIFESTUAC:"level='asInvoker' uiAccess='false'" /DEBUG /PDB:"C:\Users\liqy\Desktop\VS project\ray_tracing\raytrace\Debug\raytrace.pdb" /SUBSYSTEM:CONSOLE /TLBID:1 /DYNAMICBASE /NXCOMPAT /IMPLIB:"C:\Users\liqy\Desktop\VS project\ray_tracing\raytrace\Debug\raytrace.lib" /MACHINE:X86 Debug\raytrace.exe.embed.manifest.res
         Debug\light.obj
         Debug\main.obj
         Debug\material.obj
         Debug\object.obj
         Debug\plane.obj
         Debug\ray.obj
         Debug\ray_tracing.obj
         Debug\scene.obj
         Debug\sphere.obj
         Debug\stdafx.obj
         Debug\vector3D.obj
       Manifest:
         c:\Program Files (x86)\Microsoft SDKs\Windows\v7.0A\bin\mt.exe /nologo /verbose /out:"Debug\raytrace.exe.embed.manifest" /manifest Debug\raytrace.exe.intermediate.manifest
         所有输出均为最新。
       LinkEmbedManifest:
         所有输出均为最新。
         raytrace.vcxproj -> C:\Users\liqy\Desktop\VS project\ray_tracing\raytrace\Debug\raytrace.exe
       FinalizeBuildStatus:
         正在删除文件“Debug\raytrace.unsuccessfulbuild”。
         正在对“Debug\raytrace.lastbuildstate”执行 Touch 任务。
     1>已完成生成项目“C:\Users\liqy\Desktop\VS project\ray_tracing\raytrace\raytrace\raytrace.vcxproj”(build 个目标)的操作。

生成成功。

已用时间 00:00:01.65
